# SEGGER J-Link RTT Viewer V7.64b Terminal Log File
# Compiled: 15:33:10 on Apr  8 2022
# Logging started @ 07 Mar 2023 03:53:29
00> <info> app: Baro altitude =4769.97
00> <info> app: Acceleration =11.72
00> <info> app: Kalman altitude =4760.08
00> <info> app: Kalman velocity =21.44
00> <info> app: Baro altitude =4719.13
00> <info> app: Acceleration =7.78
00> <info> app: Kalman altitude =4757.90
00> <info> app: Kalman velocity =19.07
00> <info> app: Baro altitude =4736.07
00> <info> app: Acceleration =21.52
00> <info> app: Kalman altitude =4757.10
00> <info> app: Kalman velocity =18.58
00> <info> app: Baro altitude =4727.60
00> <info> app: Acceleration =5.28
00> <info> app: Kalman altitude =4755.66
00> <info> app: Kalman velocity =16.84
00> <info> app: Baro altitude =4710.66
00> <info> app: Acceleration =8.86
00> <info> app: Kalman altitude =4752.98
00> <info> app: Kalman velocity =14.28
00> <info> app: Baro altitude =4803.86
00> <info> app: Acceleration =6.85
00> <info> app: Kalman altitude =4757.44
00> <info> app: Kalman velocity =17.84
00> <info> app: Baro altitude =4803.86
00> <info> app: Acceleration =9.79
00> <info> app: Kalman altitude =4761.72
00> <info> app: Kalman velocity =21.25
00> <info> app: Baro altitude =4761.49
00> <info> app: Acceleration =25.35
00> <info> app: Kalman altitude =4762.66
00> <info> app: Kalman velocity =22.34
00> <info> app: Baro altitude =4744.55
00> <info> app: Acceleration =2.00
00> <info> app: Kalman altitude =4762.22
00> <info> app: Kalman velocity =21.19
00> <info> app: Baro altitude =4753.02
00> <info> app: Acceleration =19.04
00> <info> app: Kalman altitude =4762.49
00> <info> app: Kalman velocity =21.42
00> <info> app: Baro altitude =4769.97
00> <info> app: Acceleration =4.29
00> <info> app: Kalman altitude =4763.97
00> <info> app: Kalman velocity =22.04
00> <info> app: Baro altitude =4769.97
00> <info> app: Acceleration =12.87
00> <info> app: Kalman altitude =4765.39
00> <info> app: Kalman velocity =22.95
00> <info> app: Baro altitude =4769.97
00> <info> app: Acceleration =10.26
00> <info> app: Kalman altitude =4766.71
00> <info> app: Kalman velocity =23.64
00> <info> app: Baro altitude =4761.49
00> <info> app: Acceleration =6.41
00> <info> app: Kalman altitude =4767.33
00> <info> app: Kalman velocity =23.53
00> <info> app: Baro altitude =4769.97
00> <info> app: Acceleration =15.18
00> <info> app: Kalman altitude =4768.59
00> <info> app: Kalman velocity =24.34
00> <info> app: Baro altitude =4753.02
00> <info> app: Acceleration =16.73
00> <info> app: Kalman altitude =4768.47
00> <info> app: Kalman velocity =24.02
00> <info> app: Baro altitude =4744.55
00> <info> app: Acceleration =3.66
00> <info> app: Kalman altitude =4767.67
00> <info> app: Kalman velocity =22.56
00> <info> app: Baro altitude =4753.02
00> <info> app: Acceleration =16.66
00> <info> app: Kalman altitude =4767.57
00> <info> app: Kalman velocity =22.32
00> <info> app: Baro altitude =4753.02
00> <info> app: Acceleration =6.26
00> <info> app: Kalman altitude =4767.43
00> <info> app: Kalman velocity =21.59
00> <info> app: Baro altitude =4736.07
00> <info> app: Acceleration =17.49
00> <info> app: Kalman altitude =4766.00
00> <info> app: Kalman velocity =20.28
00> <info> app: Baro altitude =4744.55
00> <info> app: Acceleration =17.24
00> <info> app: Kalman altitude =4765.25
00> <info> app: Kalman velocity =19.60
00> <info> app: Baro altitude =4710.66
00> <info> app: Acceleration =20.08
00> <info> app: Kalman altitude =4761.99
00> <info> app: Kalman velocity =16.92
00> <info> app: Baro altitude =4710.66
00> <info> app: Acceleration =15.56
00> <info> app: Kalman altitude =4758.85
00> <info> app: Kalman velocity =14.24
00> <info> app: Baro altitude =4761.49
00> <info> app: Acceleration =6.82
00> <info> app: Kalman altitude =4759.67
00> <info> app: Kalman velocity =14.68
00> <info> app: Baro altitude =4769.97
00> <info> app: Acceleration =15.30
00> <info> app: Kalman altitude =4761.10
00> <info> app: Kalman velocity =16.01
00> <info> app: Baro altitude =4769.97
00> <info> app: Acceleration =8.26
00> <info> app: Kalman altitude =4762.46
00> <info> app: Kalman velocity =16.91
00> <info> app: Baro altitude =4769.97
00> <info> app: Acceleration =15.10
00> <info> app: Kalman altitude =4763.77
00> <info> app: Kalman velocity =18.04
00> <info> app: Baro altitude =4786.91
00> <info> app: Acceleration =11.78
00> <info> app: Kalman altitude =4766.32
00> <info> app: Kalman velocity =20.03
00> <info> app: Baro altitude =4786.91
00> <info> app: Acceleration =15.05
00> <info> app: Kalman altitude =4768.76
00> <info> app: Kalman velocity =22.00
00> <info> app: Baro altitude =4769.97
00> <info> app: Acceleration =12.74
00> <info> app: Kalman altitude =4769.79
00> <info> app: Kalman velocity =22.59
00> <info> app: Baro altitude =4761.49
00> <info> app: Acceleration =9.66
00> <info> app: Kalman altitude =4770.12
00> <info> app: Kalman velocity =22.42
00> <info> app: Baro altitude =4702.18
00> <info> app: Acceleration =13.26
00> <info> app: Kalman altitude =4765.98
00> <info> app: Kalman velocity =18.55
00> <info> app: Baro altitude =4710.66
00> <info> app: Acceleration =16.97
00> <info> app: Kalman altitude =4762.60
00> <info> app: Kalman velocity =15.67
00> <info> app: Baro altitude =4727.60
00> <info> app: Acceleration =-0.01
00> <info> app: Kalman altitude =4760.62
00> <info> app: Kalman velocity =13.35
00> <info> app: Baro altitude =4727.60
00> <info> app: Acceleration =6.26
00> <info> app: Kalman altitude =4758.70
00> <info> app: Kalman velocity =11.45
00> <info> app: Baro altitude =4736.07
00> <info> app: Acceleration =2.92
00> <info> app: Kalman altitude =4757.48
00> <info> app: Kalman velocity =10.08
00> <info> app: Baro altitude =4736.07
00> <info> app: Acceleration =4.77
00> <info> app: Kalman altitude =4756.30
00> <info> app: Kalman velocity =8.88
00> <info> app: Baro altitude =4668.29
00> <info> app: Acceleration =13.31
00> <info> app: Kalman altitude =4750.04
00> <info> app: Kalman velocity =3.74
00> <info> app: Baro altitude =4668.29
00> <info> app: Acceleration =2.50
00> <info> app: Kalman altitude =4744.02
00> <info> app: Kalman velocity =-1.45
00> <info> app: Baro altitude =4744.55
00> <info> app: Acceleration =20.09
00> <info> app: Kalman altitude =4744.04
00> <info> app: Kalman velocity =-0.49
00> <info> app: Baro altitude =4744.55
00> <info> app: Acceleration =16.68
00> <info> app: Kalman altitude =4744.09
00> <info> app: Kalman velocity =0.31
00> <info> app: Baro altitude =4736.07
00> <info> app: Acceleration =15.65
00> <info> app: Kalman altitude =4743.52
00> <info> app: Kalman velocity =0.49
00> <info> app: Baro altitude =4744.55
00> <info> app: Acceleration =12.09
00> <info> app: Kalman altitude =4743.65
00> <info> app: Kalman velocity =1.11
00> <info> app: Baro altitude =4727.60
00> <info> app: Acceleration =6.45
00> <info> app: Kalman altitude =4742.49
00> <info> app: Kalman velocity =0.35
00> <info> app: Baro altitude =4727.60
00> <info> app: Acceleration =15.08
00> <info> app: Kalman altitude =4741.41
00> <info> app: Kalman velocity =0.09
00> <info> app: Baro altitude =4753.02
00> <info> app: Acceleration =19.50
00> <info> app: Kalman altitude =4742.33
00> <info> app: Kalman velocity =1.74
00> <info> app: Baro altitude =4736.07
00> <info> app: Acceleration =15.65
00> <info> app: Kalman altitude =4741.96
00> <info> app: Kalman velocity =2.05
00> <info> app: Baro altitude =4727.60
00> <info> app: Acceleration =9.04
00> <info> app: Kalman altitude =4740.98
00> <info> app: Kalman velocity =1.52
00> <info> app: Baro altitude =4727.60
00> <info> app: Acceleration =14.65
00> <info> app: Kalman altitude =4740.06
00> <info> app: Kalman velocity =1.29
00> <info> app: Baro altitude =4736.07
00> <info> app: Acceleration =1.03
00> <info> app: Kalman altitude =4739.82
00> <info> app: Kalman velocity =1.08
00> <info> app: Baro altitude =4744.55
00> <info> app: Acceleration =5.84
00> <info> app: Kalman altitude =4740.23
00> <info> app: Kalman velocity =1.64
00> <info> app: Baro altitude =4786.91
00> <info> app: Acceleration =2.40
00> <info> app: Kalman altitude =4743.84
00> <info> app: Kalman velocity =4.78
00> <info> app: Baro altitude =4786.91
00> <info> app: Acceleration =5.83
00> <info> app: Kalman altitude =4747.31
00> <info> app: Kalman velocity =7.83
00> <info> app: Baro altitude =4812.33
00> <info> app: Acceleration =17.65
00> <info> app: Kalman altitude =4752.57
00> <info> app: Kalman velocity =12.81
00> <info> app: Baro altitude =4803.86
00> <info> app: Acceleration =3.93
00> <info> app: Kalman altitude =4757.00
00> <info> app: Kalman velocity =16.28
00> <info> app: Baro altitude =4778.44
00> <info> app: Acceleration =18.10
00> <info> app: Kalman altitude =4759.35
00> <info> app: Kalman velocity =18.46
00> <info> app: Baro altitude =4778.44
00> <info> app: Acceleration =18.01
00> <info> app: Kalman altitude =4761.59
00> <info> app: Kalman velocity =20.45
00> <info> app: Baro altitude =4702.18
00> <info> app: Acceleration =9.17
00> <info> app: Kalman altitude =4757.99
00> <info> app: Kalman velocity =16.95
00> <info> app: Baro altitude =4710.66
00> <info> app: Acceleration =13.70
00> <info> app: Kalman altitude =4755.16
00> <info> app: Kalman velocity =14.46
00> <info> app: Baro altitude =4710.66
00> <info> app: Acceleration =-1.98
00> <info> app: Kalman altitude =4752.40
00> <info> app: Kalman velocity =11.44
00> <info> app: Baro altitude =4710.66
00> <info> app: Acceleration =17.12
00> <info> app: Kalman altitude =4749.77
00> <info> app: Kalman velocity =9.48
00> <info> app: Baro altitude =4744.55
00> <info> app: Acceleration =3.47
00> <info> app: Kalman altitude =4749.78
00> <info> app: Kalman velocity =9.27
00> <info> app: Baro altitude =4744.55
00> <info> app: Acceleration =10.25
00> <info> app: Kalman altitude =4749.80
00> <info> app: Kalman velocity =9.37
00> <info> app: Baro altitude =4761.49
00> <info> app: Acceleration =-5.00
00> <info> app: Kalman altitude =4751.06
00> <info> app: Kalman velocity =9.88
00> <info> app: Baro altitude =4761.49
00> <info> app: Acceleration =9.78
00> <info> app: Kalman altitude =4752.29
00> <info> app: Kalman velocity =10.97
00> <info> app: Baro altitude =4753.02
00> <info> app: Acceleration =14.16
00> <info> app: Kalman altitude =4752.83
00> <info> app: Kalman velocity =11.62
00> <info> app: Baro altitude =4744.55
00> <info> app: Acceleration =7.88
00> <info> app: Kalman altitude =4752.70
00> <info> app: Kalman velocity =11.41
00> <info> app: Baro altitude =4727.60
00> <info> app: Acceleration =13.82
00> <info> app: Kalman altitude =4751.32
00> <info> app: Kalman velocity =10.38
00> <info> app: Baro altitude =4736.07
00> <info> app: Acceleration =17.48
00> <info> app: Kalman altitude =4750.64
00> <info> app: Kalman velocity =10.15
00> <info> app: Baro altitude =4753.02
00> <info> app: Acceleration =24.09
00> <info> app: Kalman altitude =4751.29
00> <info> app: Kalman velocity =11.36
00> <info> app: Baro altitude =4744.55
00> <info> app: Acceleration =10.90
00> <info> app: Kalman altitude =4751.30
00> <info> app: Kalman velocity =11.40
00> <info> app: Baro altitude =4786.91
00> <info> app: Acceleration =-3.57
00> <info> app: Kalman altitude =4754.45
00> <info> app: Kalman velocity =13.51
00> <info> app: Baro altitude =4786.91
00> <info> app: Acceleration =14.19
00> <info> app: Kalman altitude =4757.50
00> <info> app: Kalman velocity =16.22
00> <info> app: Baro altitude =4727.60
00> <info> app: Acceleration =11.81
00> <info> app: Kalman altitude =4755.94
00> <info> app: Kalman velocity =14.77
00> <info> app: Baro altitude =4736.07
00> <info> app: Acceleration =6.79
00> <info> app: Kalman altitude =4755.09
00> <info> app: Kalman velocity =13.75
00> <info> app: Baro altitude =4761.49
00> <info> app: Acceleration =2.48
00> <info> app: Kalman altitude =4756.17
00> <info> app: Kalman velocity =14.24
00> <info> app: Baro altitude =4744.55
00> <info> app: Acceleration =4.77
00> <info> app: Kalman altitude =4755.90
00> <info> app: Kalman velocity =13.66
00> <info> app: Baro altitude =4744.55
00> <info> app: Acceleration =2.40
00> <info> app: Kalman altitude =4755.63
00> <info> app: Kalman velocity =12.99
00> <info> app: Baro altitude =4753.02
00> <info> app: Acceleration =11.64
00> <info> app: Kalman altitude =4756.01
00> <info> app: Kalman velocity =13.32
00> <info> app: Baro altitude =4744.55
00> <info> app: Acceleration =6.88
00> <info> app: Kalman altitude =4755.72
00> <info> app: Kalman velocity =12.85
00> <info> app: Baro altitude =4744.55
00> <info> app: Acceleration =11.32
00> <info> app: Kalman altitude =4755.44
00> <info> app: Kalman velocity =12.61
00> <info> app: Baro altitude =4761.49
00> <info> app: Acceleration =16.07
00> <info> app: Kalman altitude =4756.45
00> <info> app: Kalman velocity =13.68
00> <info> app: Baro altitude =4769.97
00> <info> app: Acceleration =7.36
00> <info> app: Kalman altitude =4758.07
00> <info> app: Kalman velocity =14.86
00> <info> app: Baro altitude =4727.60
00> <info> app: Acceleration =9.78
00> <info> app: Kalman altitude =4756.44
00> <info> app: Kalman velocity =13.29
00> <info> app: Baro altitude =4719.13
00> <info> app: Acceleration =18.61
00> <info> app: Kalman altitude =4754.20
00> <info> app: Kalman velocity =11.66
00> <info> app: Baro altitude =4761.49
00> <info> app: Acceleration =9.66
00> <info> app: Kalman altitude =4755.27
00> <info> app: Kalman velocity =12.54
00> <info> app: Baro altitude =4761.49
00> <info> app: Acceleration =9.13
00> <info> app: Kalman altitude =4756.28
00> <info> app: Kalman velocity =13.32
00> <info> app: Baro altitude =4719.13
00> <info> app: Acceleration =12.72
00> <info> app: Kalman altitude =4754.07
00> <info> app: Kalman velocity =11.46
00> <info> app: Baro altitude =4710.66
00> <info> app: Acceleration =11.24
00> <info> app: Kalman altitude =4751.29
00> <info> app: Kalman velocity =9.11
00> <info> app: Baro altitude =4719.13
00> <info> app: Acceleration =15.11
00> <info> app: Kalman altitude =4749.26
00> <info> app: Kalman velocity =7.67
00> <info> app: Baro altitude =4727.60
00> <info> app: Acceleration =12.23
00> <info> app: Kalman altitude =4747.96
00> <info> app: Kalman velocity =6.79
00> <info> app: Baro altitude =4744.55
00> <info> app: Acceleration =1.42
00> <info> app: Kalman altitude =4747.99
00> <info> app: Kalman velocity =6.61
00> <info> app: Baro altitude =4744.55
00> <info> app: Acceleration =7.02
00> <info> app: Kalman altitude =4748.03
00> <info> app: Kalman velocity =6.69
00> <info> app: Baro altitude =4778.44
00> <info> app: Acceleration =32.13
00> <info> app: Kalman altitude =4750.69
00> <info> app: Kalman velocity =10.15
00> <info> app: Baro altitude =4778.44
00> <info> app: Acceleration =15.09
00> <info> app: Kalman altitude =4753.22
00> <info> app: Kalman velocity =12.59
00> <info> app: Baro altitude =4761.49
00> <info> app: Acceleration =-3.39
00> <info> app: Kalman altitude =4754.38
00> <info> app: Kalman velocity =12.93
00> <info> app: Baro altitude =4753.02
00> <info> app: Acceleration =20.46
00> <info> app: Kalman altitude =4754.88
00> <info> app: Kalman velocity =13.76
00> <info> app: Baro altitude =4736.07
00> <info> app: Acceleration =58.47
00> <info> app: Kalman altitude =4754.14
00> <info> app: Kalman velocity =15.12
00> <info> app: Baro altitude =4727.60
00> <info> app: Acceleration =27.09
00> <info> app: Kalman altitude =4752.83
00> <info> app: Kalman velocity =14.60
00> <info> app: Baro altitude =4719.13
00> <info> app: Acceleration =61.39
00> <info> app: Kalman altitude =4751.00
00> <info> app: Kalman velocity =15.12
00> <info> app: Baro altitude =4736.07
00> <info> app: Acceleration =37.86
00> <info> app: Kalman altitude =4750.59
00> <info> app: Kalman velocity =15.84
00> <info> app: Baro altitude =4753.02
00> <info> app: Acceleration =73.31
00> <info> app: Kalman altitude =4751.59
00> <info> app: Kalman velocity =19.32
00> <info> app: Baro altitude =4744.55
00> <info> app: Acceleration =207.20
00> <info> app: Kalman altitude =4752.25
00> <info> app: Kalman velocity =28.10
00> <info> app: Baro altitude =4744.55
00> <info> app: Acceleration =71.63
00> <info> app: Kalman altitude =4753.01
00> <info> app: Kalman velocity =30.80
00> <info> app: Baro altitude =4744.55
00> <info> app: Acceleration =70.51
00> <info> app: Kalman altitude =4753.75
00> <info> app: Kalman velocity =33.26
00> <info> app: Baro altitude =4761.49
00> <info> app: Acceleration =71.34
00> <info> app: Kalman altitude =4755.89
00> <info> app: Kalman velocity =36.93
00> <info> app: Baro altitude =4761.49
00> <info> app: Acceleration =14.93
00> <info> app: Kalman altitude =4757.91
00> <info> app: Kalman velocity =37.87
00> <info> app: Baro altitude =4744.55
00> <info> app: Acceleration =51.53
00> <info> app: Kalman altitude =4758.73
00> <info> app: Kalman velocity =39.40
00> <info> app: Baro altitude =4744.55
00> <info> app: Acceleration =44.94
00> <info> app: Kalman altitude =4759.38
00> <info> app: Kalman velocity =40.38
00> <info> app: Baro altitude =4753.02
00> <info> app: Acceleration =10.78
00> <info> app: Kalman altitude =4760.63
00> <info> app: Kalman velocity =40.34
00> <info> app: Baro altitude =4753.02
00> <info> app: Acceleration =15.72
00> <info> app: Kalman altitude =4761.73
00> <info> app: Kalman velocity =40.42
00> <info> app: Baro altitude =4753.02
00> <info> app: Acceleration =-19.71
00> <info> app: Kalman altitude =4762.85
00> <info> app: Kalman velocity =38.76
00> <info> app: Baro altitude =4744.55
00> <info> app: Acceleration =26.51
00> <info> app: Kalman altitude =4763.05
00> <info> app: Kalman velocity =38.60
00> <info> app: Baro altitude =4761.49
00> <info> app: Acceleration =29.68
00> <info> app: Kalman altitude =4764.67
00> <info> app: Kalman velocity =39.77
00> <info> app: Baro altitude =4761.49
00> <info> app: Acceleration =29.69
00> <info> app: Kalman altitude =4766.18
00> <info> app: Kalman velocity =40.80
00> <info> app: Baro altitude =4753.02
00> <info> app: Acceleration =9.38
00> <info> app: Kalman altitude =4766.94
00> <info> app: Kalman velocity =40.26
00> <info> app: Baro altitude =4753.02
00> <info> app: Acceleration =-2.15
00> <info> app: Kalman altitude =4767.59
00> <info> app: Kalman velocity =39.13
00> <info> app: Baro altitude =4795.39
00> <info> app: Acceleration =6.63
00> <info> app: Kalman altitude =4771.33
00> <info> app: Kalman velocity =41.12
00> <info> app: Baro altitude =4812.33
00> <info> app: Acceleration =-12.22
00> <info> app: Kalman altitude =4776.20
00> <info> app: Kalman velocity =43.09
00> <info> app: Baro altitude =4786.91
00> <info> app: Acceleration =11.53
00> <info> app: Kalman altitude =4778.87
00> <info> app: Kalman velocity =44.19
00> <info> app: Baro altitude =4786.91
00> <info> app: Acceleration =-77.85
00> <info> app: Kalman altitude =4781.17
00> <info> app: Kalman velocity =41.09
00> <info> app: Baro altitude =4753.02
00> <info> app: Acceleration =-28.98
00> <info> app: Kalman altitude =4780.73
00> <info> app: Kalman velocity =37.81
00> <info> app: Baro altitude =4744.55
00> <info> app: Acceleration =6.54
00> <info> app: Kalman altitude =4779.67
00> <info> app: Kalman velocity =35.64
00> <info> app: Baro altitude =4812.33
00> <info> app: Acceleration =13.18
00> <info> app: Kalman altitude =4783.66
00> <info> app: Kalman velocity =38.26
00> <info> app: Baro altitude =4829.28
00> <info> app: Acceleration =-16.34
00> <info> app: Kalman altitude =4788.71
00> <info> app: Kalman velocity =40.36
00> <info> app: Baro altitude =4710.66
00> <info> app: Acceleration =-74.88
00> <info> app: Kalman altitude =4784.34
00> <info> app: Kalman velocity =31.81
00> <info> app: Baro altitude =4719.13
00> <info> app: Acceleration =-56.44
00> <info> app: Kalman altitude =4780.67
00> <info> app: Kalman velocity =24.75
00> <info> app: Baro altitude =4769.97
00> <info> app: Acceleration =-17.52
00> <info> app: Kalman altitude =4780.87
00> <info> app: Kalman velocity =23.17
00> <info> app: Baro altitude =4769.97
00> <info> app: Acceleration =-71.34
00> <info> app: Kalman altitude =4780.88
00> <info> app: Kalman velocity =19.19
00> <info> app: Baro altitude =4795.39
00> <info> app: Acceleration =-71.86
00> <info> app: Kalman altitude =4782.65
00> <info> app: Kalman velocity =16.78
00> <info> app: Baro altitude =4795.39
00> <info> app: Acceleration =-72.42
00> <info> app: Kalman altitude =4784.21
00> <info> app: Kalman velocity =14.10
00> <info> app: Baro altitude =4786.91
00> <info> app: Acceleration =-38.43
00> <info> app: Kalman altitude =4784.93
00> <info> app: Kalman velocity =12.51
00> <info> app: Baro altitude =4795.39
00> <info> app: Acceleration =-14.26
00> <info> app: Kalman altitude =4786.22
00> <info> app: Kalman velocity =12.51
00> <info> app: Baro altitude =4778.44
00> <info> app: Acceleration =18.29
00> <info> app: Kalman altitude =4786.19
00> <info> app: Kalman velocity =12.79
00> <info> app: Baro altitude =4786.91
00> <info> app: Acceleration =43.87
00> <info> app: Kalman altitude =4786.87
00> <info> app: Kalman velocity =14.81
00> <info> app: Baro altitude =4727.60
00> <info> app: Acceleration =-26.22
00> <info> app: Kalman altitude =4782.96
00> <info> app: Kalman velocity =9.68
00> <info> app: Baro altitude =4727.60
00> <info> app: Acceleration =-31.49
00> <info> app: Kalman altitude =4779.11
00> <info> app: Kalman velocity =4.63
00> <info> app: Baro altitude =4786.91
00> <info> app: Acceleration =-15.46
00> <info> app: Kalman altitude =4779.87
00> <info> app: Kalman velocity =4.42
00> <info> app: Baro altitude =4786.91
00> <info> app: Acceleration =-48.65
00> <info> app: Kalman altitude =4780.49
00> <info> app: Kalman velocity =2.73
00> <info> app: Baro altitude =4744.55
00> <info> app: Acceleration =18.04
00> <info> app: Kalman altitude =4777.93
00> <info> app: Kalman velocity =1.24
00> <info> app: Baro altitude =4744.55
00> <info> app: Acceleration =-58.29
00> <info> app: Kalman altitude =4775.34
00> <info> app: Kalman velocity =-3.54
00> <info> app: Baro altitude =4786.91
00> <info> app: Acceleration =-65.97
00> <info> app: Kalman altitude =4775.95
00> <info> app: Kalman velocity =-5.74
00> <info> app: Baro altitude =4778.44
00> <info> app: Acceleration =43.04
00> <info> app: Kalman altitude =4775.97
00> <info> app: Kalman velocity =-3.58
00> <info> app: Baro altitude =4769.97
00> <info> app: Acceleration =-46.45
00> <info> app: Kalman altitude =4775.28
00> <info> app: Kalman velocity =-6.05
00> <info> app: Baro altitude =4769.97
00> <info> app: Acceleration =-45.31
00> <info> app: Kalman altitude =4774.54
00> <info> app: Kalman velocity =-8.45
00> <info> app: Baro altitude =4753.02
00> <info> app: Acceleration =-61.81
00> <info> app: Kalman altitude =4772.43
00> <info> app: Kalman velocity =-12.66
00> <info> app: Baro altitude =4744.55
00> <info> app: Acceleration =-25.61
00> <info> app: Kalman altitude =4769.75
00> <info> app: Kalman velocity =-15.58
00> <info> app: Baro altitude =4769.97
00> <info> app: Acceleration =-59.37
00> <info> app: Kalman altitude =4768.99
00> <info> app: Kalman velocity =-18.24
00> <info> app: Baro altitude =4769.97
00> <info> app: Acceleration =-121.41
00> <info> app: Kalman altitude =4768.05
00> <info> app: Kalman velocity =-23.69
00> <info> app: Baro altitude =4769.97
00> <info> app: Acceleration =90.87
00> <info> app: Kalman altitude =4767.36
00> <info> app: Kalman velocity =-19.33
00> <info> app: Baro altitude =4761.49
00> <info> app: Acceleration =-7.93
00> <info> app: Kalman altitude =4766.08
00> <info> app: Kalman velocity =-20.02
00> <info> app: Baro altitude =4803.86
00> <info> app: Acceleration =90.29
00> <info> app: Kalman altitude =4768.27
00> <info> app: Kalman velocity =-13.45
00> <info> app: Baro altitude =4803.86
00> <info> app: Acceleration =-46.53
00> <info> app: Kalman altitude =4770.28
00> <info> app: Kalman velocity =-13.28
00> <info> app: Baro altitude =4795.39
00> <info> app: Acceleration =-79.53
00> <info> app: Kalman altitude =4771.46
00> <info> app: Kalman velocity =-15.26
00> <info> app: Baro altitude =4778.44
00> <info> app: Acceleration =79.30
00> <info> app: Kalman altitude =4771.51
00> <info> app: Kalman velocity =-11.20
00> <info> app: Baro altitude =4753.02
00> <info> app: Acceleration =82.16
00> <info> app: Kalman altitude =4769.79
00> <info> app: Kalman velocity =-8.60
00> <info> app: Baro altitude =4753.02
00> <info> app: Acceleration =100.89
00> <info> app: Kalman altitude =4768.36
00> <info> app: Kalman velocity =-5.14
00> <info> app: Baro altitude =4761.49
00> <info> app: Acceleration =-2.83
00> <info> app: Kalman altitude =4767.62
00> <info> app: Kalman velocity =-5.69
00> <info> app: Baro altitude =4769.97
00> <info> app: Acceleration =83.11
00> <info> app: Kalman altitude =4767.72
00> <info> app: Kalman velocity =-1.71
00> <info> app: Baro altitude =4761.49
00> <info> app: Acceleration =35.93
00> <info> app: Kalman altitude =4767.24
00> <info> app: Kalman velocity =-0.50
00> <info> app: Baro altitude =4761.49
00> <info> app: Acceleration =68.79
00> <info> app: Kalman altitude =4766.92
00> <info> app: Kalman velocity =2.28
00> <info> app: Baro altitude =4769.97
00> <info> app: Acceleration =24.06
00> <info> app: Kalman altitude =4767.29
00> <info> app: Kalman velocity =3.55
00> <info> app: Baro altitude =4769.97
00> <info> app: Acceleration =55.78
00> <info> app: Kalman altitude =4767.75
00> <info> app: Kalman velocity =6.21
00> <info> app: Baro altitude =4744.55
00> <info> app: Acceleration =-3.75
00> <info> app: Kalman altitude =4766.26
00> <info> app: Kalman velocity =4.52
00> <info> app: Baro altitude =4744.55
00> <info> app: Acceleration =19.88
00> <info> app: Kalman altitude =4764.85
00> <info> app: Kalman velocity =4.00
00> <info> app: Baro altitude =4702.18
00> <info> app: Acceleration =136.05
00> <info> app: Kalman altitude =4760.56
00> <info> app: Kalman velocity =6.17
00> <info> app: Baro altitude =4702.18
00> <info> app: Acceleration =102.19
00> <info> app: Kalman altitude =4756.62
00> <info> app: Kalman velocity =7.06
00> <info> app: Baro altitude =4769.97
00> <info> app: Acceleration =2.93
00> <info> app: Kalman altitude =4757.93
00> <info> app: Kalman velocity =8.03
00> <info> app: Baro altitude =4769.97
00> <info> app: Acceleration =101.59
00> <info> app: Kalman altitude =4759.39
00> <info> app: Kalman velocity =13.55
00> <info> app: Baro altitude =4710.66
00> <info> app: Acceleration =-39.13
00> <info> app: Kalman altitude =4756.21
00> <info> app: Kalman velocity =8.59
00> <info> app: Baro altitude =4702.18
00> <info> app: Acceleration =64.35
00> <info> app: Kalman altitude =4752.63
00> <info> app: Kalman velocity =8.07
00> <info> app: Baro altitude =4769.97
00> <info> app: Acceleration =51.46
00> <info> app: Kalman altitude =4754.37
00> <info> app: Kalman velocity =11.48
00> <info> app: Baro altitude =4778.44
00> <info> app: Acceleration =-31.42
00> <info> app: Kalman altitude =4756.62
00> <info> app: Kalman velocity =11.57
00> <info> app: Baro altitude =4727.60
00> <info> app: Acceleration =-8.05
00> <info> app: Kalman altitude =4754.90
00> <info> app: Kalman velocity =9.28
00> <info> app: Baro altitude =4719.13
00> <info> app: Acceleration =10.89
00> <info> app: Kalman altitude =4752.63
00> <info> app: Kalman velocity =7.45
00> <info> app: Baro altitude =4786.91
00> <info> app: Acceleration =18.19
00> <info> app: Kalman altitude =4755.56
00> <info> app: Kalman velocity =10.46
00> <info> app: Baro altitude =4795.39
00> <info> app: Acceleration =18.41
00> <info> app: Kalman altitude =4759.06
00> <info> app: Kalman velocity =13.86
00> <info> app: Baro altitude =4769.97
00> <info> app: Acceleration =-5.90
00> <info> app: Kalman altitude =4760.45
00> <info> app: Kalman velocity =14.27
00> <info> app: Baro altitude =4769.97
00> <info> app: Acceleration =-1.66
00> <info> app: Kalman altitude =4761.77
00> <info> app: Kalman velocity =14.77
00> <info> app: Baro altitude =4702.18
00> <info> app: Acceleration =8.10
00> <info> app: Kalman altitude =4757.91
00> <info> app: Kalman velocity =11.22
00> <info> app: Baro altitude =4702.18
00> <info> app: Acceleration =17.70
00> <info> app: Kalman altitude =4754.20
00> <info> app: Kalman velocity =8.37
00> <info> app: Baro altitude =4719.13
00> <info> app: Acceleration =12.63
00> <info> app: Kalman altitude =4751.92
00> <info> app: Kalman velocity =6.65
00> <info> app: Baro altitude =4727.60
00> <info> app: Acceleration =-18.13
00> <info> app: Kalman altitude =4750.33
00> <info> app: Kalman velocity =4.21
00> <info> app: Baro altitude =4753.02
00> <info> app: Acceleration =6.38
00> <info> app: Kalman altitude =4750.72
00> <info> app: Kalman velocity =4.67
00> <info> app: Baro altitude =4736.07
00> <info> app: Acceleration =8.55
00> <info> app: Kalman altitude =4749.82
00> <info> app: Kalman velocity =4.08
00> <info> app: Baro altitude =4769.97
00> <info> app: Acceleration =-2.95
00> <info> app: Kalman altitude =4751.51
00> <info> app: Kalman velocity =5.24
00> <info> app: Baro altitude =4786.91
00> <info> app: Acceleration =5.35
00> <info> app: Kalman altitude =4754.42
00> <info> app: Kalman velocity =7.77
00> <info> app: Baro altitude =4727.60
00> <info> app: Acceleration =4.30
00> <info> app: Kalman altitude =4752.73
00> <info> app: Kalman velocity =6.20
00> <info> app: Baro altitude =4727.60
00> <info> app: Acceleration =3.19
00> <info> app: Kalman altitude =4751.10
00> <info> app: Kalman velocity =4.69
00> <info> app: Baro altitude =4769.97
00> <info> app: Acceleration =-18.12
00> <info> app: Kalman altitude =4752.69
00> <info> app: Kalman velocity =5.09
00> <info> app: Baro altitude =4761.49
00> <info> app: Acceleration =29.55
00> <info> app: Kalman altitude =4753.63
00> <info> app: Kalman velocity =7.00
00> <info> app: Baro altitude =4744.55
00> <info> app: Acceleration =11.11
00> <info> app: Kalman altitude =4753.27
00> <info> app: Kalman velocity =6.91
00> <info> app: Baro altitude =4761.49
00> <info> app: Acceleration =9.00
00> <info> app: Kalman altitude =4754.20
00> <info> app: Kalman velocity =7.83
00> <info> app: Baro altitude =4769.97
00> <info> app: Acceleration =21.26
00> <info> app: Kalman altitude =4755.75
00> <info> app: Kalman velocity =9.79
00> <info> app: Baro altitude =4761.49
00> <info> app: Acceleration =20.54
00> <info> app: Kalman altitude =4756.63
00> <info> app: Kalman velocity =11.05
00> <info> app: Baro altitude =4778.44
00> <info> app: Acceleration =212.29
00> <info> app: Kalman altitude =4759.16
00> <info> app: Kalman velocity =22.17
00> <info> app: Baro altitude =4778.44
00> <info> app: Acceleration =169.03
00> <info> app: Kalman altitude =4761.89
00> <info> app: Kalman velocity =31.11
00> <info> app: Baro altitude =4719.13
00> <info> app: Acceleration =481.41
00> <info> app: Kalman altitude =4760.86
00> <info> app: Kalman velocity =49.84
00> <info> app: Baro altitude =4719.13
00> <info> app: Acceleration =720.16
00> <info> app: Kalman altitude =4761.14
00> <info> app: Kalman velocity =79.31
00> <info> app: Baro altitude =4693.71
00> <info> app: Acceleration =457.61
00> <info> app: Kalman altitude =4760.22
00> <info> app: Kalman velocity =95.25
00> <info> app: Baro altitude =4693.71
00> <info> app: Acceleration =192.07
00> <info> app: Kalman altitude =4759.82
00> <info> app: Kalman velocity =99.82
00> <info> app: Baro altitude =4778.44
00> <info> app: Acceleration =53.85
00> <info> app: Kalman altitude =4765.48
00> <info> app: Kalman velocity =103.15
00> <info> app: Baro altitude =4778.44
00> <info> app: Acceleration =-93.84
00> <info> app: Kalman altitude =4770.67
00> <info> app: Kalman velocity =99.38
00> <info> app: Baro altitude =4761.49
00> <info> app: Acceleration =-202.01
00> <info> app: Kalman altitude =4773.80
00> <info> app: Kalman velocity =89.22
00> <info> app: Baro altitude =4769.97
00> <info> app: Acceleration =-385.56
00> <info> app: Kalman altitude =4776.65
00> <info> app: Kalman velocity =70.25
00> <info> app: Baro altitude =4786.91
00> <info> app: Acceleration =-350.62
00> <info> app: Kalman altitude =4779.69
00> <info> app: Kalman velocity =54.98
00> <info> app: Baro altitude =4786.91
00> <info> app: Acceleration =-368.56
00> <info> app: Kalman altitude =4781.86
00> <info> app: Kalman velocity =38.38
00> <info> app: Baro altitude =4769.97
00> <info> app: Acceleration =-343.10
00> <info> app: Kalman altitude =4781.92
00> <info> app: Kalman velocity =21.41
00> <info> app: Baro altitude =4778.44
00> <info> app: Acceleration =-205.66
00> <info> app: Kalman altitude =4782.16
00> <info> app: Kalman velocity =11.69
00> <info> app: Baro altitude =4786.91
00> <info> app: Acceleration =-73.61
00> <info> app: Kalman altitude =4782.88
00> <info> app: Kalman velocity =8.58
00> <info> app: Baro altitude =4786.91
00> <info> app: Acceleration =27.03
00> <info> app: Kalman altitude =4783.60
00> <info> app: Kalman velocity =10.06
00> <info> app: Baro altitude =4769.97
00> <info> app: Acceleration =-4.15
00> <info> app: Kalman altitude =4782.98
00> <info> app: Kalman velocity =8.96
00> <info> app: Baro altitude =4778.44
00> <info> app: Acceleration =81.13
00> <info> app: Kalman altitude =4783.19
00> <info> app: Kalman velocity =12.44
00> <info> app: Baro altitude =4769.97
00> <info> app: Acceleration =-29.32
00> <info> app: Kalman altitude =4782.65
00> <info> app: Kalman velocity =10.22
00> <info> app: Baro altitude =4769.97
00> <info> app: Acceleration =35.23
00> <info> app: Kalman altitude =4782.19
00> <info> app: Kalman velocity =10.98
00> <info> app: Baro altitude =4786.91
00> <info> app: Acceleration =3.19
00> <info> app: Kalman altitude =4783.02
00> <info> app: Kalman velocity =11.40
00> <info> app: Baro altitude =4803.86
00> <info> app: Acceleration =-28.55
00> <info> app: Kalman altitude =4785.02
00> <info> app: Kalman velocity =11.44
00> <info> app: Baro altitude =4812.33
00> <info> app: Acceleration =-39.93
00> <info> app: Kalman altitude =4787.51
00> <info> app: Kalman velocity =11.32
00> <info> app: Baro altitude =4795.39
00> <info> app: Acceleration =-286.43
00> <info> app: Kalman altitude =4788.04
00> <info> app: Kalman velocity =-1.05
00> <info> app: Baro altitude =4761.49
00> <info> app: Acceleration =-285.26
00> <info> app: Kalman altitude =4785.43
00> <info> app: Kalman velocity =-15.85
00> <info> app: Baro altitude =4778.44
00> <info> app: Acceleration =-154.28
00> <info> app: Kalman altitude =4783.89
00> <info> app: Kalman velocity =-23.49
00> <info> app: Baro altitude =4761.49
00> <info> app: Acceleration =-535.37
00> <info> app: Kalman altitude =4780.08
00> <info> app: Kalman velocity =-49.96
00> <info> app: Baro altitude =4753.02
00> <info> app: Acceleration =-242.54
00> <info> app: Kalman altitude =4775.42
00> <info> app: Kalman velocity =-62.70
00> <info> app: Baro altitude =4753.02
00> <info> app: Acceleration =95.39
00> <info> app: Kalman altitude =4771.24
00> <info> app: Kalman velocity =-59.60
00> <info> app: Baro altitude =4761.49
00> <info> app: Acceleration =63.97
00> <info> app: Kalman altitude =4768.09
00> <info> app: Kalman velocity =-57.13
00> <info> app: Baro altitude =4727.60
00> <info> app: Acceleration =262.84
00> <info> app: Kalman altitude =4763.06
00> <info> app: Kalman velocity =-47.28
00> <info> app: Baro altitude =4727.60
00> <info> app: Acceleration =209.76
00> <info> app: Kalman altitude =4758.79
00> <info> app: Kalman velocity =-40.04
00> <info> app: Baro altitude =4786.91
00> <info> app: Acceleration =364.16
00> <info> app: Kalman altitude =4759.94
00> <info> app: Kalman velocity =-21.39
00> <info> app: Baro altitude =4786.91
00> <info> app: Acceleration =399.69
00> <info> app: Kalman altitude =4761.86
00> <info> app: Kalman velocity =-1.23
00> <info> app: Baro altitude =4744.55
00> <info> app: Acceleration =130.78
00> <info> app: Kalman altitude =4760.76
00> <info> app: Kalman velocity =3.76
00> <info> app: Baro altitude =4753.02
00> <info> app: Acceleration =88.88
00> <info> app: Kalman altitude =4760.50
00> <info> app: Kalman velocity =7.32
00> <info> app: Baro altitude =4778.44
00> <info> app: Acceleration =39.39
00> <info> app: Kalman altitude =4762.26
00> <info> app: Kalman velocity =10.27
00> <info> app: Baro altitude =4786.91
00> <info> app: Acceleration =111.55
00> <info> app: Kalman altitude =4764.74
00> <info> app: Kalman velocity =16.74
00> <info> app: Baro altitude =4786.91
00> <info> app: Acceleration =94.52
00> <info> app: Kalman altitude =4767.32
00> <info> app: Kalman velocity =22.47
00> <info> app: Baro altitude =4769.97
00> <info> app: Acceleration =92.35
00> <info> app: Kalman altitude =4768.66
00> <info> app: Kalman velocity =26.81
00> <info> app: Baro altitude =4769.97
00> <info> app: Acceleration =25.05
00> <info> app: Kalman altitude =4769.95
00> <info> app: Kalman velocity =27.96
00> <info> app: Baro altitude =4778.44
00> <info> app: Acceleration =-159.16
00> <info> app: Kalman altitude =4771.47
00> <info> app: Kalman velocity =21.13
00> <info> app: Baro altitude =4786.91
00> <info> app: Acceleration =-21.64
00> <info> app: Kalman altitude =4773.48
00> <info> app: Kalman velocity =21.10
00> <info> app: Baro altitude =4786.91
00> <info> app: Acceleration =5.65
00> <info> app: Kalman altitude =4775.40
00> <info> app: Kalman velocity =22.17
00> <info> app: Baro altitude =4744.55
00> <info> app: Acceleration =2.16
00> <info> app: Kalman altitude =4774.01
00> <info> app: Kalman velocity =20.20
00> <info> app: Baro altitude =4736.07
00> <info> app: Acceleration =29.58
00> <info> app: Kalman altitude =4772.04
00> <info> app: Kalman velocity =19.01
00> <info> app: Baro altitude =4761.49
00> <info> app: Acceleration =11.53
00> <info> app: Kalman altitude =4772.07
00> <info> app: Kalman velocity =18.79
00> <info> app: Baro altitude =4769.97
00> <info> app: Acceleration =0.87
00> <info> app: Kalman altitude =4772.71
00> <info> app: Kalman velocity =18.64
00> <info> app: Baro altitude =4693.71
00> <info> app: Acceleration =25.64
00> <info> app: Kalman altitude =4767.57
00> <info> app: Kalman velocity =14.63
00> <info> app: Baro altitude =4693.71
00> <info> app: Acceleration =11.08
00> <info> app: Kalman altitude =4762.61
00> <info> app: Kalman velocity =10.29
00> <info> app: Baro altitude =4753.02
00> <info> app: Acceleration =6.44
00> <info> app: Kalman altitude =4762.34
00> <info> app: Kalman velocity =9.93
00> <info> app: Baro altitude =4753.02
00> <info> app: Acceleration =-7.43
00> <info> app: Kalman altitude =4762.04
00> <info> app: Kalman velocity =8.96
00> <info> app: Baro altitude =4727.60
00> <info> app: Acceleration =7.82
00> <info> app: Kalman altitude =4759.83
00> <info> app: Kalman velocity =7.05
00> <info> app: Baro altitude =4727.60
00> <info> app: Acceleration =-5.40
00> <info> app: Kalman altitude =4757.69
00> <info> app: Kalman velocity =4.70
00> <info> app: Baro altitude =4769.97
00> <info> app: Acceleration =0.68
00> <info> app: Kalman altitude =4758.81
00> <info> app: Kalman velocity =5.51
00> <info> app: Baro altitude =4778.44
00> <info> app: Acceleration =33.82
00> <info> app: Kalman altitude =4760.59
00> <info> app: Kalman velocity =8.32
00> <info> app: Baro altitude =4769.97
00> <info> app: Acceleration =-6.23
00> <info> app: Kalman altitude =4761.63
00> <info> app: Kalman velocity =8.62
00> <info> app: Baro altitude =4761.49
00> <info> app: Acceleration =24.03
00> <info> app: Kalman altitude =4762.03
00> <info> app: Kalman velocity =9.69
00> <info> app: Baro altitude =4761.49
00> <info> app: Acceleration =8.13
00> <info> app: Kalman altitude =4762.42
00> <info> app: Kalman velocity =10.00
00> <info> app: Baro altitude =4761.49
00> <info> app: Acceleration =8.15
00> <info> app: Kalman altitude =4762.79
00> <info> app: Kalman velocity =10.28
00> <info> app: Baro altitude =4761.49
00> <info> app: Acceleration =14.90
00> <info> app: Kalman altitude =4763.16
00> <info> app: Kalman velocity =10.85
00> <info> app: Baro altitude =4761.49
00> <info> app: Acceleration =5.93
00> <info> app: Kalman altitude =4763.52
00> <info> app: Kalman velocity =10.99
00> <info> app: Baro altitude =4761.49
00> <info> app: Acceleration =1.86
00> <info> app: Kalman altitude =4763.83
00> <info> app: Kalman velocity =10.91
00> <info> app: Baro altitude =4769.97
00> <info> app: Acceleration =1.66
00> <info> app: Kalman altitude =4764.76
00> <info> app: Kalman velocity =11.35
00> <info> app: Baro altitude =4786.91
00> <info> app: Acceleration =18.11
00> <info> app: Kalman altitude =4766.94
00> <info> app: Kalman velocity =13.57
00> <info> app: Baro altitude =4778.44
00> <info> app: Acceleration =-5.31
00> <info> app: Kalman altitude =4768.37
00> <info> app: Kalman velocity =14.03
00> <info> app: Baro altitude =4753.02
00> <info> app: Acceleration =10.96
00> <info> app: Kalman altitude =4767.84
00> <info> app: Kalman velocity =13.50
00> <info> app: Baro altitude =4744.55
00> <info> app: Acceleration =-7.23
00> <info> app: Kalman altitude =4766.64
00> <info> app: Kalman velocity =11.61
00> <info> app: Baro altitude =4719.13
00> <info> app: Acceleration =22.11
00> <info> app: Kalman altitude =4763.57
00> <info> app: Kalman velocity =9.49
00> <info> app: Baro altitude =4727.60
00> <info> app: Acceleration =189.78
00> <info> app: Kalman altitude =4761.63
00> <info> app: Kalman velocity =15.83
00> <info> app: Baro altitude =4744.55
00> <info> app: Acceleration =50.14
00> <info> app: Kalman altitude =4761.12
00> <info> app: Kalman velocity =17.01
00> <info> app: Baro altitude =4744.55
00> <info> app: Acceleration =35.49
00> <info> app: Kalman altitude =4760.64
00> <info> app: Kalman velocity =17.48
00> <info> app: Baro altitude =4702.18
00> <info> app: Acceleration =8.79
00> <info> app: Kalman altitude =4756.98
00> <info> app: Kalman velocity =14.03
00> <info> app: Baro altitude =4702.18
00> <info> app: Acceleration =-3.67
00> <info> app: Kalman altitude =4753.42
00> <info> app: Kalman velocity =10.25
00> <info> app: Baro altitude =4753.02
00> <info> app: Acceleration =31.76
00> <info> app: Kalman altitude =4753.89
00> <info> app: Kalman velocity =11.65
00> <info> app: Baro altitude =4753.02
00> <info> app: Acceleration =23.42
00> <info> app: Kalman altitude =4754.35
00> <info> app: Kalman velocity =12.61
00> <info> app: Baro altitude =4753.02
00> <info> app: Acceleration =-13.59
00> <info> app: Kalman altitude =4754.76
00> <info> app: Kalman velocity =11.86
00> <info> app: Baro altitude =4753.02
00> <info> app: Acceleration =-11.44
00> <info> app: Kalman altitude =4755.10
00> <info> app: Kalman velocity =11.20
00> <info> app: Baro altitude =4761.49
00> <info> app: Acceleration =5.69
00> <info> app: Kalman altitude =4756.07
00> <info> app: Kalman velocity =11.84
00> <info> app: Baro altitude =4769.97
00> <info> app: Acceleration =-71.48
00> <info> app: Kalman altitude =4757.49
00> <info> app: Kalman velocity =9.43
00> <info> app: Baro altitude =4803.86
00> <info> app: Acceleration =5.33
00> <info> app: Kalman altitude =4761.41
00> <info> app: Kalman velocity =12.66
00> <info> app: Baro altitude =4803.86
00> <info> app: Acceleration =-3.75
00> <info> app: Kalman altitude =4765.14
00> <info> app: Kalman velocity =15.21
00> <info> app: Baro altitude =4753.02
00> <info> app: Acceleration =16.67
00> <info> app: Kalman altitude =4764.90
00> <info> app: Kalman velocity =15.15
00> <info> app: Baro altitude =4753.02
00> <info> app: Acceleration =31.47
00> <info> app: Kalman altitude =4764.73
00> <info> app: Kalman velocity =15.80
00> <info> app: Baro altitude =4761.49
00> <info> app: Acceleration =35.35
00> <info> app: Kalman altitude =4765.21
00> <info> app: Kalman velocity =17.13
00> <info> app: Baro altitude =4761.49
00> <info> app: Acceleration =20.91
00> <info> app: Kalman altitude =4765.69
00> <info> app: Kalman velocity =17.80
00> <info> app: Baro altitude =4795.39
00> <info> app: Acceleration =11.79
00> <info> app: Kalman altitude =4768.74
00> <info> app: Kalman velocity =20.23
00> <info> app: Baro altitude =4795.39
00> <info> app: Acceleration =-8.44
00> <info> app: Kalman altitude =4771.61
00> <info> app: Kalman velocity =21.52
00> <info> app: Baro altitude =4753.02
00> <info> app: Acceleration =-6.68
00> <info> app: Kalman altitude =4771.15
00> <info> app: Kalman velocity =19.90
00> <info> app: Baro altitude =4753.02
00> <info> app: Acceleration =15.85
00> <info> app: Kalman altitude =4770.59
00> <info> app: Kalman velocity =19.35
00> <info> app: Baro altitude =4803.86
00> <info> app: Acceleration =-31.15
00> <info> app: Kalman altitude =4773.86
00> <info> app: Kalman velocity =20.06
00> <info> app: Baro altitude =4795.39
00> <info> app: Acceleration =29.11
00> <info> app: Kalman altitude =4776.45
00> <info> app: Kalman velocity =22.79
00> <info> app: Baro altitude =4719.13
00> <info> app: Acceleration =4.53
00> <info> app: Kalman altitude =4773.06
00> <info> app: Kalman velocity =19.19
00> <info> app: Baro altitude =4719.13
00> <info> app: Acceleration =8.07
00> <info> app: Kalman altitude =4769.80
00> <info> app: Kalman velocity =15.99
00> <info> app: Baro altitude =4710.66
00> <info> app: Acceleration =18.04
00> <info> app: Kalman altitude =4766.01
00> <info> app: Kalman velocity =12.91
00> <info> app: Baro altitude =4710.66
00> <info> app: Acceleration =10.51
00> <info> app: Kalman altitude =4762.39
00> <info> app: Kalman velocity =9.76
00> <info> app: Baro altitude =4761.49
00> <info> app: Acceleration =545.86
00> <info> app: Kalman altitude =4763.75
00> <info> app: Kalman velocity =34.16
00> <info> app: Baro altitude =4761.49
00> <info> app: Acceleration =2663.70
00> <info> app: Kalman altitude =4769.99
00> <info> app: Kalman velocity =153.43
00> <info> app: Baro altitude =4685.24
00> <info> app: Acceleration =1454.33
00> <info> app: Kalman altitude =4772.94
00> <info> app: Kalman velocity =214.16
00> <info> app: Baro altitude =4685.24
00> <info> app: Acceleration =-383.98
00> <info> app: Kalman altitude =4774.66
00> <info> app: Kalman velocity =190.21
00> <info> app: Baro altitude =4761.49
00> <info> app: Acceleration =-1426.86
00> <info> app: Kalman altitude =4779.01
00> <info> app: Kalman velocity =121.91
00> <info> app: Baro altitude =4761.49
00> <info> app: Acceleration =-1387.86
00> <info> app: Kalman altitude =4780.15
00> <info> app: Kalman velocity =56.76
00> <info> app: Baro altitude =4795.39
00> <info> app: Acceleration =-1120.47
00> <info> app: Kalman altitude =4781.53
00> <info> app: Kalman velocity =6.19
00> <info> app: Baro altitude =4812.33
00> <info> app: Acceleration =-774.10
00> <info> app: Kalman altitude =4782.50
00> <info> app: Kalman velocity =-28.85
00> <info> app: Baro altitude =4820.81
00> <info> app: Acceleration =-193.24
00> <info> app: Kalman altitude =4783.85
00> <info> app: Kalman velocity =-34.93
00> <info> app: Baro altitude =4820.81
00> <info> app: Acceleration =-72.86
00> <info> app: Kalman altitude =4784.99
00> <info> app: Kalman velocity =-35.82
00> <info> app: Baro altitude =4736.07
00> <info> app: Acceleration =200.85
00> <info> app: Kalman altitude =4780.16
00> <info> app: Kalman velocity =-29.90
00> <info> app: Baro altitude =4753.02
00> <info> app: Acceleration =20.25
00> <info> app: Kalman altitude =4776.84
00> <info> app: Kalman velocity =-30.63
00> <info> app: Baro altitude =4761.49
00> <info> app: Acceleration =164.81
00> <info> app: Kalman altitude =4774.68
00> <info> app: Kalman velocity =-23.82
00> <info> app: Baro altitude =4769.97
00> <info> app: Acceleration =17.72
00> <info> app: Kalman altitude =4773.36
00> <info> app: Kalman velocity =-23.26
00> <info> app: Baro altitude =4786.91
00> <info> app: Acceleration =119.26
00> <info> app: Kalman altitude =4773.64
00> <info> app: Kalman velocity =-16.83
00> <info> app: Baro altitude =4786.91
00> <info> app: Acceleration =-16.34
00> <info> app: Kalman altitude =4773.88
00> <info> app: Kalman velocity =-16.68
00> <info> app: Baro altitude =4786.91
00> <info> app: Acceleration =5.29
00> <info> app: Kalman altitude =4774.18
00> <info> app: Kalman velocity =-15.54
00> <info> app: Baro altitude =4795.39
00> <info> app: Acceleration =-13.82
00> <info> app: Kalman altitude =4775.10
00> <info> app: Kalman velocity =-14.74
00> <info> app: Baro altitude =4803.86
00> <info> app: Acceleration =-22.18
00> <info> app: Kalman altitude =4776.63
00> <info> app: Kalman velocity =-13.82
00> <info> app: Baro altitude =4803.86
00> <info> app: Acceleration =-151.97
00> <info> app: Kalman altitude =4777.82
00> <info> app: Kalman velocity =-18.97
00> <info> app: Baro altitude =4795.39
00> <info> app: Acceleration =-1390.83
00> <info> app: Kalman altitude =4775.49
00> <info> app: Kalman velocity =-82.93
00> <info> app: Baro altitude =4786.91
00> <info> app: Acceleration =-4183.97
00> <info> app: Kalman altitude =4765.08
00> <info> app: Kalman velocity =-269.67
00> <info> app: Baro altitude =4820.81
00> <info> app: Acceleration =-825.45
00> <info> app: Kalman altitude =4756.24
00> <info> app: Kalman velocity =-303.09
00> <info> app: Baro altitude =4837.75
00> <info> app: Acceleration =1491.41
00> <info> app: Kalman altitude =4752.60
00> <info> app: Kalman velocity =-229.98
00> <info> app: Baro altitude =4744.55
00> <info> app: Acceleration =2167.89
00> <info> app: Kalman altitude =4746.46
00> <info> app: Kalman velocity =-130.40
00> <info> app: Baro altitude =4736.07
00> <info> app: Acceleration =60.29
00> <info> app: Kalman altitude =4740.01
00> <info> app: Kalman velocity =-127.78
00> <info> app: Baro altitude =4719.13
00> <info> app: Acceleration =-367.50
00> <info> app: Kalman altitude =4732.42
00> <info> app: Kalman velocity =-145.26
00> <info> app: Baro altitude =4719.13
00> <info> app: Acceleration =114.65
00> <info> app: Kalman altitude =4725.46
00> <info> app: Kalman velocity =-140.43
00> <info> app: Baro altitude =4702.18
00> <info> app: Acceleration =-225.62
00> <info> app: Kalman altitude =4717.29
00> <info> app: Kalman velocity =-151.87
00> <info> app: Baro altitude =4719.13
00> <info> app: Acceleration =-56.36
00> <info> app: Kalman altitude =4710.72
00> <info> app: Kalman velocity =-153.93
00> <info> app: Baro altitude =4744.55
00> <info> app: Acceleration =-6.28
00> <info> app: Kalman altitude =4706.60
00> <info> app: Kalman velocity =-151.54
00> <info> app: Baro altitude =4753.02
00> <info> app: Acceleration =17.63
00> <info> app: Kalman altitude =4703.72
00> <info> app: Kalman velocity =-147.24
00> <info> app: Baro altitude =4769.97
00> <info> app: Acceleration =-4.31
00> <info> app: Kalman altitude =4702.50
00> <info> app: Kalman velocity =-142.67
00> <info> app: Baro altitude =4786.91
00> <info> app: Acceleration =22.07
00> <info> app: Kalman altitude =4702.79
00> <info> app: Kalman velocity =-135.68
00> <info> app: Baro altitude =4727.60
00> <info> app: Acceleration =28.19
00> <info> app: Kalman altitude =4698.85
00> <info> app: Kalman velocity =-132.32
00> <info> app: Baro altitude =4727.60
00> <info> app: Acceleration =11.43
00> <info> app: Kalman altitude =4695.56
00> <info> app: Kalman velocity =-129.54
00> <info> app: Baro altitude =4753.02
00> <info> app: Acceleration =24.02
00> <info> app: Kalman altitude =4694.48
00> <info> app: Kalman velocity =-124.29
00> <info> app: Baro altitude =4744.55
00> <info> app: Acceleration =0.71
00> <info> app: Kalman altitude =4692.90
00> <info> app: Kalman velocity =-120.60
00> <info> app: Baro altitude =4702.18
00> <info> app: Acceleration =1.31
00> <info> app: Kalman altitude =4688.48
00> <info> app: Kalman velocity =-119.57
00> <info> app: Baro altitude =4719.13
00> <info> app: Acceleration =4.22
00> <info> app: Kalman altitude =4685.75
00> <info> app: Kalman velocity =-117.02
00> <info> app: Baro altitude =4795.39
00> <info> app: Acceleration =8.97
00> <info> app: Kalman altitude =4689.14
00> <info> app: Kalman velocity =-109.10
00> <info> app: Baro altitude =4786.91
00> <info> app: Acceleration =-7.19
00> <info> app: Kalman altitude =4691.93
00> <info> app: Kalman velocity =-102.72
00> <info> app: Baro altitude =4753.02
00> <info> app: Acceleration =57.06
00> <info> app: Kalman altitude =4692.25
00> <info> app: Kalman velocity =-95.73
00> <info> app: Baro altitude =4761.49
00> <info> app: Acceleration =-11.24
00> <info> app: Kalman altitude =4693.43
00> <info> app: Kalman velocity =-91.44
00> <info> app: Baro altitude =4727.60
00> <info> app: Acceleration =-14.82
00> <info> app: Kalman altitude =4692.12
00> <info> app: Kalman velocity =-89.61
00> <info> app: Baro altitude =4744.55
00> <info> app: Acceleration =24.10
00> <info> app: Kalman altitude =4692.35
00> <info> app: Kalman velocity =-84.81
00> <info> app: Baro altitude =4769.97
00> <info> app: Acceleration =224.70
00> <info> app: Kalman altitude =4695.10
00> <info> app: Kalman velocity =-69.19
00> <info> app: Baro altitude =4778.44
00> <info> app: Acceleration =-382.87
00> <info> app: Kalman altitude =4697.67
00> <info> app: Kalman velocity =-81.47
00> <info> app: Baro altitude =4795.39
00> <info> app: Acceleration =33.79
00> <info> app: Kalman altitude =4701.78
00> <info> app: Kalman velocity =-73.34
00> <info> app: Baro altitude =4778.44
00> <info> app: Acceleration =-30.71
00> <info> app: Kalman altitude =4704.43
00> <info> app: Kalman velocity =-69.53
00> <info> app: Baro altitude =4702.18
00> <info> app: Acceleration =-1.60
00> <info> app: Kalman altitude =4701.24
00> <info> app: Kalman velocity =-69.54
00> <info> app: Baro altitude =4710.66
00> <info> app: Acceleration =-0.85
00> <info> app: Kalman altitude =4699.00
00> <info> app: Kalman velocity =-68.75
00> <info> app: Baro altitude =4778.44
00> <info> app: Acceleration =14.53
00> <info> app: Kalman altitude =4702.20
00> <info> app: Kalman velocity =-62.73
00> <info> app: Baro altitude =4761.49
00> <info> app: Acceleration =15.97
00> <info> app: Kalman altitude =4704.12
00> <info> app: Kalman velocity =-57.97
00> <info> app: Baro altitude =4761.49
00> <info> app: Acceleration =5.88
00> <info> app: Kalman altitude =4705.98
00> <info> app: Kalman velocity =-53.78
00> <info> app: Baro altitude =4769.97
00> <info> app: Acceleration =5.02
00> <info> app: Kalman altitude =4708.56
00> <info> app: Kalman velocity =-49.22
00> <info> app: Baro altitude =4778.44
00> <info> app: Acceleration =4.43
00> <info> app: Kalman altitude =4711.82
00> <info> app: Kalman velocity =-44.33
00> <info> app: Baro altitude =4769.97
00> <info> app: Acceleration =0.78
00> <info> app: Kalman altitude =4714.38
00> <info> app: Kalman velocity =-40.39
00> <info> app: Baro altitude =4769.97
00> <info> app: Acceleration =8.61
00> <info> app: Kalman altitude =4716.92
00> <info> app: Kalman velocity =-36.28
00> <info> app: Baro altitude =4769.97
00> <info> app: Acceleration =7.14
00> <info> app: Kalman altitude =4719.38
00> <info> app: Kalman velocity =-32.39
00> <info> app: Baro altitude =4744.55
00> <info> app: Acceleration =6.89
00> <info> app: Kalman altitude =4719.92
00> <info> app: Kalman velocity =-30.34
00> <info> app: Baro altitude =4744.55
00> <info> app: Acceleration =15.21
00> <info> app: Kalman altitude =4720.55
00> <info> app: Kalman velocity =-27.98
00> <info> app: Baro altitude =4761.49
00> <info> app: Acceleration =11.23
00> <info> app: Kalman altitude =4722.48
00> <info> app: Kalman velocity =-24.72
00> <info> app: Baro altitude =4753.02
00> <info> app: Acceleration =6.43
00> <info> app: Kalman altitude =4723.73
00> <info> app: Kalman velocity =-22.36
00> <info> app: Baro altitude =4719.13
00> <info> app: Acceleration =17.17
00> <info> app: Kalman altitude =4722.41
00> <info> app: Kalman velocity =-21.75
00> <info> app: Baro altitude =4719.13
00> <info> app: Acceleration =12.18
00> <info> app: Kalman altitude =4721.30
00> <info> app: Kalman velocity =-21.36
00> <info> app: Baro altitude =4753.02
00> <info> app: Acceleration =-0.12
00> <info> app: Kalman altitude =4722.80
00> <info> app: Kalman velocity =-19.24
00> <info> app: Baro altitude =4753.02
00> <info> app: Acceleration =4.12
00> <info> app: Kalman altitude =4724.28
00> <info> app: Kalman velocity =-17.03
00> <info> app: Baro altitude =4744.55
00> <info> app: Acceleration =8.58
00> <info> app: Kalman altitude =4725.09
00> <info> app: Kalman velocity =-15.24
00> <info> app: Baro altitude =4744.55
00> <info> app: Acceleration =9.73
00> <info> app: Kalman altitude =4725.97
00> <info> app: Kalman velocity =-13.51
00> <info> app: Baro altitude =4778.44
00> <info> app: Acceleration =13.14
00> <info> app: Kalman altitude =4729.40
00> <info> app: Kalman velocity =-9.46
00> <info> app: Baro altitude =4778.44
00> <info> app: Acceleration =14.41
00> <info> app: Kalman altitude =4732.74
00> <info> app: Kalman velocity =-5.58
00> <info> app: Baro altitude =4753.02
00> <info> app: Acceleration =21.51
00> <info> app: Kalman altitude =4734.08
00> <info> app: Kalman velocity =-3.26
00> <info> app: Baro altitude =4744.55
00> <info> app: Acceleration =5.04
00> <info> app: Kalman altitude =4734.75
00> <info> app: Kalman velocity =-2.33
00> <info> app: Baro altitude =4778.44
00> <info> app: Acceleration =6.05
00> <info> app: Kalman altitude =4737.97
00> <info> app: Kalman velocity =0.77
00> <info> app: Baro altitude =4778.44
00> <info> app: Acceleration =10.02
00> <info> app: Kalman altitude =4741.08
00> <info> app: Kalman velocity =3.85
00> <info> app: Baro altitude =4736.07
00> <info> app: Acceleration =5.37
00> <info> app: Kalman altitude =4740.88
00> <info> app: Kalman velocity =3.77
00> <info> app: Baro altitude =4736.07
00> <info> app: Acceleration =8.98
00> <info> app: Kalman altitude =4740.70
00> <info> app: Kalman velocity =3.85
00> <info> app: Baro altitude =4710.66
00> <info> app: Acceleration =8.67
00> <info> app: Kalman altitude =4738.60
00> <info> app: Kalman velocity =2.28
00> <info> app: Baro altitude =4702.18
00> <info> app: Acceleration =11.69
00> <info> app: Kalman altitude =4735.96
00> <info> app: Kalman velocity =0.44
00> <info> app: Baro altitude =4761.49
00> <info> app: Acceleration =7.97
00> <info> app: Kalman altitude =4737.93
00> <info> app: Kalman velocity =2.47
00> <info> app: Baro altitude =4744.55
00> <info> app: Acceleration =20.13
00> <info> app: Kalman altitude =4738.57
00> <info> app: Kalman velocity =3.79
00> <info> app: Baro altitude =4761.49
00> <info> app: Acceleration =15.68
00> <info> app: Kalman altitude =4740.49
00> <info> app: Kalman velocity =5.97
00> <info> app: Baro altitude =4761.49
00> <info> app: Acceleration =-0.33
00> <info> app: Kalman altitude =4742.33

# Logging stopped @ 07 Mar 2023 03:53:43
